[2026-03-18T08:48:45.776Z] 🤖 YouTube Daemon Started
[2026-03-18T08:48:45.779Z] 📅 Scheduled times: 8:00, 13:00, 18:00 IST
[2026-03-18T12:31:50.072Z] 🚀 Starting YouTube Automation
[2026-03-18T12:31:50.084Z] 📝 Generating script...
[2026-03-18T12:31:50.270Z] 🎬 Generating video...
[2026-03-18T12:31:50.404Z] 📤 Uploading to YouTube...
[2026-03-18T12:31:51.503Z] ✅ YouTube Automation Completed
[2026-03-18T12:32:50.055Z] 🚀 Starting YouTube Automation
[2026-03-18T12:32:50.059Z] 📝 Generating script...
[2026-03-18T12:32:50.227Z] 🎬 Generating video...
[2026-03-18T12:32:50.382Z] 📤 Uploading to YouTube...
[2026-03-18T12:32:51.197Z] ✅ YouTube Automation Completed
[2026-03-18T12:34:14.880Z] 🚀 Starting YouTube Automation
[2026-03-18T12:34:14.881Z] 📝 Generating script...
[2026-03-18T12:34:15.028Z] 🎬 Generating video...
[2026-03-18T12:34:15.165Z] 📤 Uploading to YouTube...
[2026-03-18T12:34:15.944Z] ✅ YouTube Automation Completed
[2026-03-19T07:30:00.234Z] 🚀 Starting YouTube Automation
[2026-03-19T07:30:00.249Z] 📝 Generating script...
[2026-03-19T07:30:00.401Z] 🎬 Generating video...
[2026-03-19T07:30:00.505Z] 📤 Uploading to YouTube...
[2026-03-19T07:30:01.217Z] ✅ YouTube Automation Completed
[2026-03-19T07:31:00.237Z] 🚀 Starting YouTube Automation
[2026-03-19T07:31:00.238Z] 📝 Generating script...
[2026-03-19T07:31:00.380Z] 🎬 Generating video...
[2026-03-19T07:31:00.534Z] 📤 Uploading to YouTube...
[2026-03-19T07:31:01.256Z] ✅ YouTube Automation Completed
[2026-03-19T07:32:00.239Z] 🚀 Starting YouTube Automation
[2026-03-19T07:32:00.240Z] 📝 Generating script...
[2026-03-19T07:32:00.379Z] 🎬 Generating video...
[2026-03-19T07:32:00.527Z] 📤 Uploading to YouTube...
[2026-03-19T07:32:01.236Z] ✅ YouTube Automation Completed
[2026-03-19T07:33:00.243Z] 🚀 Starting YouTube Automation
[2026-03-19T07:33:00.243Z] 📝 Generating script...
[2026-03-19T07:33:00.362Z] 🎬 Generating video...
[2026-03-19T07:33:00.477Z] 📤 Uploading to YouTube...
[2026-03-19T07:33:01.138Z] ✅ YouTube Automation Completed
[2026-03-19T07:34:00.245Z] 🚀 Starting YouTube Automation
[2026-03-19T07:34:00.246Z] 📝 Generating script...
[2026-03-19T07:34:00.397Z] 🎬 Generating video...
[2026-03-19T07:34:00.536Z] 📤 Uploading to YouTube...
[2026-03-19T07:34:01.263Z] ✅ YouTube Automation Completed
 YouTube...
[2026-03-19T07:34:01.263Z] ✅ YouTube Automation Completed
